Step: build-step-credential-initializer:

{"level":"warn","ts":1551350655.2298517,"logger":"fallback-logger","caller":"logging/config.go:65","msg":"Fetch GitHub commit ID from kodata failed: \"ref: refs/heads/test\" is not a valid GitHub commit ID"}
{"level":"info","ts":1551350655.2315571,"logger":"fallback-logger","caller":"creds-init/main.go:40","msg":"Credentials initialized."}
Step: build-step-git-source-0:

{"level":"warn","ts":1551350657.868923,"logger":"fallback-logger","caller":"logging/config.go:65","msg":"Fetch GitHub commit ID from kodata failed: \"ref: refs/heads/test\" is not a valid GitHub commit ID"}
{"level":"info","ts":1551350659.9770734,"logger":"fallback-logger","caller":"git-init/main.go:92","msg":"Successfully cloned \"https://github.com/carlossg/croc-hunter-jenkinsx-serverless-2.git\" @ \"3d99674fcc2f41dd8cf2acbda514d2a36e3ac1b1\" in path \"/workspace\""}
Step: build-step-jenkins:

Picked up _JAVA_OPTIONS: -Xmx400m
Started
Running in Durability level: PERFORMANCE_OPTIMIZED
 113.691 [id=27]	WARNING	i.f.k.c.i.VersionUsageUtils#alert: The client is using resource type 'customresourcedefinitions' with unstable version 'v1beta1'
[Pipeline] node
Running on Jenkins in /tmp/jenkinsTests.tmp/jenkins7223172731667498666test/workspace/job
[Pipeline] {
[Pipeline] stage
[Pipeline] { (Declarative: Checkout SCM)
[Pipeline] checkout
[Pipeline] }
[Pipeline] // stage
[Pipeline] withCredentials
[Pipeline] {
[Pipeline] withEnv
[Pipeline] {
[Pipeline] stage
[Pipeline] { (CI Build and push snapshot)
[Pipeline] withEnv
[Pipeline] {
[Pipeline] dir
Running in /home/jenkins/go/src/github.com/carlossg/croc-hunter-jenkinsx-serverless
[Pipeline] {
[Pipeline] checkout
[Pipeline] sh
+ make VERSION=0.0.0-SNAPSHOT-PR-9-1 GIT_COMMIT=3d99674fcc2f41dd8cf2acbda514d2a36e3ac1b1 linux
cp skaffold.yaml skaffold.yaml.new
sed -i -e "s/{{.VERSION}}/0.0.0-SNAPSHOT-PR-9-1/" skaffold.yaml.new
sed -i -e "s/{{.GIT_COMMIT}}/3d99674fcc2f41dd8cf2acbda514d2a36e3ac1b1/" skaffold.yaml.new
CGO_ENABLED=0 GOOS=linux GOARCH=amd64 GO15VENDOREXPERIMENT=1 go build -ldflags '' -o bin/croc-hunter-jenkinsx croc-hunter.go
[Pipeline] sh
+ export VERSION=0.0.0-SNAPSHOT-PR-9-1
+ skaffold build -f skaffold.yaml.new
time="2019-02-28T10:50:57Z" level=warning msg="config version (skaffold/v1beta1) out of date: upgrading to latest (skaffold/v1beta3)"
Starting build...
Building [changeme]...
Sending build context to Docker daemon  525.8kBSending build context to Docker daemon  2.197MBSending build context to Docker daemon  4.982MBSending build context to Docker daemon   6.99MB
Step 1/10 : FROM scratch
 ---> 
Step 2/10 : ARG GIT_SHA
 ---> Running in 8aa2ad647845
 ---> 0463438ad6cf
Step 3/10 : ARG WORKFLOW_RELEASE
 ---> Running in d897281592c8
 ---> e2d4af438330
Step 4/10 : ENV GIT_SHA $GIT_SHA
 ---> Running in 7ad052ee1dd7
 ---> 95bfc8797f59
Step 5/10 : ENV WORKFLOW_RELEASE $WORKFLOW_RELEASE
 ---> Running in 9657325f9051
 ---> 9169d68d6b86
Step 6/10 : ENV POWERED_BY Jenkins-X
 ---> Running in f7b134f59863
 ---> 32ab7cac2cc2
Step 7/10 : EXPOSE 8080
 ---> Running in af3fd7139556
 ---> 5f8826ff5310
Step 8/10 : ENTRYPOINT /croc-hunter-jenkinsx
 ---> Running in 2f0a8d9084da
 ---> 0b1d50035625
Step 9/10 : COPY ./bin/ /
 ---> a47e910040af
Step 10/10 : COPY static/ static/
 ---> cebe6cc74eb1
Successfully built cebe6cc74eb1
The push refers to a repository [10.47.253.185:5000/carlossg/croc-hunter-jenkinsx]
df731f4b80cd: Preparing
9060b8ce2f0c: Preparing
df731f4b80cd: Pushed
9060b8ce2f0c: Pushed
0.0.0-SNAPSHOT-PR-9-1: digest: sha256:cf569b6e9cf18a07c21e1cf574fd7370d903fc3f2c0f987894050d210927098a size: 738
Build complete in 5.786452348s
Starting test...
Test complete in 6.671Âµs
changeme -> 10.47.253.185:5000/carlossg/croc-hunter-jenkinsx:0.0.0-SNAPSHOT-PR-9-1
[Pipeline] sh
+ jx step validate --min-jx-version 1.2.36
[Pipeline] sh
+ jx step post build --image 10.47.253.185:5000/carlossg/croc-hunter-jenkinsx:0.0.0-SNAPSHOT-PR-9-1
[Pipeline] }
[Pipeline] // dir
[Pipeline] dir
Running in /home/jenkins/go/src/github.com/carlossg/croc-hunter-jenkinsx-serverless/charts/preview
[Pipeline] {
[Pipeline] sh
+ make preview
sed -i -e "s/version:.*/version: 0.0.0-SNAPSHOT-PR-9-1/" Chart.yaml
sed -i -e "s/version:.*/version: 0.0.0-SNAPSHOT-PR-9-1/" ../*/Chart.yaml
sed -i -e "s|repository: .*|repository: 10.47.253.185:5000\/carlossg\/golang-http|" values.yaml
sed -i -e "s/tag: .*/tag: 0.0.0-SNAPSHOT-PR-9-1/" values.yaml
echo "  version: 0.0.0-SNAPSHOT-PR-9-1" >> requirements.yaml
jx step helm build
No $CHART_REPOSITORY defined so using the default value of: http://jenkins-x-chartmuseum:8080
Adding missing Helm repo: jenkins-x http://chartmuseum.jenkins-x.io
Successfully added Helm repository jenkins-x.
Adding missing Helm repo: releases http://jenkins-x-chartmuseum:8080
Successfully added Helm repository releases.
Adding missing Helm repo: repo5 https://chartmuseum.build.cd.jenkins-x.io
error: failed to add chart repositories: failed to add Helm repository 'https://chartmuseum.build.cd.jenkins-x.io': failed to add the repository 'repo5' with URL 'https://chartmuseum.build.cd.jenkins-x.io': failed to run 'helm repo add repo5 https://chartmuseum.build.cd.jenkins-x.io' command in directory '.', output: 'Error: Looks like "https://chartmuseum.build.cd.jenkins-x.io" is not a valid chart repository or cannot be reached: http2: server sent GOAWAY and closed the connection; LastStreamID=1, ErrCode=NO_ERROR, debug=""'
Makefile:9: recipe for target 'preview' failed
make: *** [preview] Error 1
[Pipeline] }
[Pipeline] // dir
[Pipeline] }
[Pipeline] // withEnv
[Pipeline] }
[Pipeline] // stage
[Pipeline] stage
[Pipeline] { (Build Release)
Stage "Build Release" skipped due to earlier failure(s)
[Pipeline] }
[Pipeline] // stage
[Pipeline] stage
[Pipeline] { (Promote to Environments)
Stage "Promote to Environments" skipped due to earlier failure(s)
[Pipeline] }
[Pipeline] // stage
[Pipeline] }
[Pipeline] // withEnv
[Pipeline] }
[Pipeline] // withCredentials
[Pipeline] }
[Pipeline] // node
[Pipeline] End of Pipeline
ERROR: script returned exit code 2
Finished: FAILURE
